[debug] [2023-11-29T15:44:42.641Z] ----------------------------------------------------------------------
[debug] [2023-11-29T15:44:42.642Z] Command:       /Users/dylanwest/.nvm/versions/node/v18.14.0/bin/node /Users/dylanwest/.nvm/versions/node/v18.14.0/bin/firebase init
[debug] [2023-11-29T15:44:42.642Z] CLI Version:   12.9.1
[debug] [2023-11-29T15:44:42.642Z] Platform:      darwin
[debug] [2023-11-29T15:44:42.642Z] Node Version:  v18.14.0
[debug] [2023-11-29T15:44:42.643Z] Time:          Wed Nov 29 2023 09:44:42 GMT-0600 (Central Standard Time)
[debug] [2023-11-29T15:44:42.643Z] ----------------------------------------------------------------------
[debug] 
[debug] [2023-11-29T15:44:42.645Z] > command requires scopes: ["email","openid","https://www.googleapis.com/auth/cloudplatformprojects.readonly","https://www.googleapis.com/auth/firebase","https://www.googleapis.com/auth/cloud-platform"]
[debug] [2023-11-29T15:44:42.645Z] > authorizing via signed-in user (dylanw422@gmail.com)
[info] 
     ######## #### ########  ######## ########     ###     ######  ########
     ##        ##  ##     ## ##       ##     ##  ##   ##  ##       ##
     ######    ##  ########  ######   ########  #########  ######  ######
     ##        ##  ##    ##  ##       ##     ## ##     ##       ## ##
     ##       #### ##     ## ######## ########  ##     ##  ######  ########

You're about to initialize a Firebase project in this directory:

  /Users/dylanwest/Documents/socialmediaapp

[info] 
=== Project Setup
[info] 
[info] First, let's associate this project directory with a Firebase project.
[info] You can create multiple project aliases by running firebase use --add, 
[info] but for now we'll just set up a default project.
[info] 
[debug] [2023-11-29T15:45:06.712Z] > refreshing access token with scopes: []
[debug] [2023-11-29T15:45:06.714Z] >>> [apiv2][query] POST https://www.googleapis.com/oauth2/v3/token [none]
[debug] [2023-11-29T15:45:06.714Z] >>> [apiv2][body] POST https://www.googleapis.com/oauth2/v3/token [omitted]
[debug] [2023-11-29T15:45:07.002Z] <<< [apiv2][status] POST https://www.googleapis.com/oauth2/v3/token 400
[debug] [2023-11-29T15:45:07.002Z] <<< [apiv2][body] POST https://www.googleapis.com/oauth2/v3/token [omitted]
[debug] [2023-11-29T15:45:07.003Z] >>> [apiv2][query] GET https://firebase.googleapis.com/v1beta1/projects pageSize=100
[debug] [2023-11-29T15:45:07.180Z] <<< [apiv2][status] GET https://firebase.googleapis.com/v1beta1/projects 401
[debug] [2023-11-29T15:45:07.180Z] <<< [apiv2][body] GET https://firebase.googleapis.com/v1beta1/projects [omitted]
[debug] [2023-11-29T15:45:07.181Z] HTTP Error: 401, Request had invalid authentication credentials. Expected OAuth 2 access token, login cookie or other valid authentication credential. See https://developers.google.com/identity/sign-in/web/devconsole-project.
[debug] [2023-11-29T15:45:07.351Z] FirebaseError: HTTP Error: 401, Request had invalid authentication credentials. Expected OAuth 2 access token, login cookie or other valid authentication credential. See https://developers.google.com/identity/sign-in/web/devconsole-project.
    at responseToError (/Users/dylanwest/.nvm/versions/node/v18.14.0/lib/node_modules/firebase-tools/lib/responseToError.js:49:12)
    at RetryOperation._fn (/Users/dylanwest/.nvm/versions/node/v18.14.0/lib/node_modules/firebase-tools/lib/apiv2.js:285:77)
    at process.processTicksAndRejections (node:internal/process/task_queues:95:5)
[error] 
[error] Error: Failed to list Firebase projects. See firebase-debug.log for more info.
[debug] [2023-11-29T15:45:24.196Z] ----------------------------------------------------------------------
[debug] [2023-11-29T15:45:24.196Z] Command:       /Users/dylanwest/.nvm/versions/node/v18.14.0/bin/node /Users/dylanwest/.nvm/versions/node/v18.14.0/bin/firebase init
[debug] [2023-11-29T15:45:24.196Z] CLI Version:   12.9.1
[debug] [2023-11-29T15:45:24.197Z] Platform:      darwin
[debug] [2023-11-29T15:45:24.197Z] Node Version:  v18.14.0
[debug] [2023-11-29T15:45:24.197Z] Time:          Wed Nov 29 2023 09:45:24 GMT-0600 (Central Standard Time)
[debug] [2023-11-29T15:45:24.197Z] ----------------------------------------------------------------------
[debug] 
[debug] [2023-11-29T15:45:24.200Z] > command requires scopes: ["email","openid","https://www.googleapis.com/auth/cloudplatformprojects.readonly","https://www.googleapis.com/auth/firebase","https://www.googleapis.com/auth/cloud-platform"]
[debug] [2023-11-29T15:45:24.200Z] > authorizing via signed-in user (dylanw422@gmail.com)
[info] 
     ######## #### ########  ######## ########     ###     ######  ########
     ##        ##  ##     ## ##       ##     ##  ##   ##  ##       ##
     ######    ##  ########  ######   ########  #########  ######  ######
     ##        ##  ##    ##  ##       ##     ## ##     ##       ## ##
     ##       #### ##     ## ######## ########  ##     ##  ######  ########

You're about to initialize a Firebase project in this directory:

  /Users/dylanwest/Documents/socialmediaapp

[info] 
=== Project Setup
[info] 
[info] First, let's associate this project directory with a Firebase project.
[info] You can create multiple project aliases by running firebase use --add, 
[info] but for now we'll just set up a default project.
[info] 
[debug] [2023-11-29T15:45:33.208Z] > refreshing access token with scopes: []
[debug] [2023-11-29T15:45:33.211Z] >>> [apiv2][query] POST https://www.googleapis.com/oauth2/v3/token [none]
[debug] [2023-11-29T15:45:33.211Z] >>> [apiv2][body] POST https://www.googleapis.com/oauth2/v3/token [omitted]
[debug] [2023-11-29T15:45:33.442Z] <<< [apiv2][status] POST https://www.googleapis.com/oauth2/v3/token 400
[debug] [2023-11-29T15:45:33.443Z] <<< [apiv2][body] POST https://www.googleapis.com/oauth2/v3/token [omitted]
[debug] [2023-11-29T15:45:33.443Z] >>> [apiv2][query] GET https://firebase.googleapis.com/v1beta1/projects pageSize=100
[debug] [2023-11-29T15:45:33.682Z] <<< [apiv2][status] GET https://firebase.googleapis.com/v1beta1/projects 401
[debug] [2023-11-29T15:45:33.683Z] <<< [apiv2][body] GET https://firebase.googleapis.com/v1beta1/projects [omitted]
[debug] [2023-11-29T15:45:33.683Z] HTTP Error: 401, Request had invalid authentication credentials. Expected OAuth 2 access token, login cookie or other valid authentication credential. See https://developers.google.com/identity/sign-in/web/devconsole-project.
[debug] [2023-11-29T15:45:33.855Z] FirebaseError: HTTP Error: 401, Request had invalid authentication credentials. Expected OAuth 2 access token, login cookie or other valid authentication credential. See https://developers.google.com/identity/sign-in/web/devconsole-project.
    at responseToError (/Users/dylanwest/.nvm/versions/node/v18.14.0/lib/node_modules/firebase-tools/lib/responseToError.js:49:12)
    at RetryOperation._fn (/Users/dylanwest/.nvm/versions/node/v18.14.0/lib/node_modules/firebase-tools/lib/apiv2.js:285:77)
    at process.processTicksAndRejections (node:internal/process/task_queues:95:5)
[error] 
[error] Error: Failed to list Firebase projects. See firebase-debug.log for more info.
